<?xml version="1.0" encoding="UTF-8"?>
<!-- Generated by org.testng.reporters.JUnitReportReporter -->
<testsuite skipped="0" hostname="DESKTOP-L3LCRTD" name="testCase.LoginTest" tests="1" failures="0" timestamp="2021-06-14T21:43:17 ICT" time="12.804" errors="0">
  <testcase name="loginApp" time="12.804" classname="testCase.LoginTest"/>
  <system-out/>
</testsuite> <!-- testCase.LoginTest -->
